C:\USERS\DRAKNAR\DOCUMENTS\VISUAL STUDIO 2010\PROJECTS\AI ASSIGNMENT 1\AI ASSIGNMENT 1\RELEASE\TILE.OBJ
C:\USERS\DRAKNAR\DOCUMENTS\VISUAL STUDIO 2010\PROJECTS\AI ASSIGNMENT 1\AI ASSIGNMENT 1\RELEASE\GAME.OBJ
C:\USERS\DRAKNAR\DOCUMENTS\VISUAL STUDIO 2010\PROJECTS\AI ASSIGNMENT 1\AI ASSIGNMENT 1\RELEASE\VC100.PDB
C:\USERS\DRAKNAR\DOCUMENTS\VISUAL STUDIO 2010\PROJECTS\AI ASSIGNMENT 1\AI ASSIGNMENT 1\RELEASE\MOVE.OBJ
C:\USERS\DRAKNAR\DOCUMENTS\VISUAL STUDIO 2010\PROJECTS\AI ASSIGNMENT 1\RELEASE\AI ASSIGNMENT 1.EXE
C:\USERS\DRAKNAR\DOCUMENTS\VISUAL STUDIO 2010\PROJECTS\AI ASSIGNMENT 1\AI ASSIGNMENT 1\RELEASE\AI ASSIGNMENT 1.EXE.INTERMEDIATE.MANIFEST
C:\USERS\DRAKNAR\DOCUMENTS\VISUAL STUDIO 2010\PROJECTS\AI ASSIGNMENT 1\RELEASE\AI ASSIGNMENT 1.PDB
F:\Documents\Git Hub Projects\AI Project\AI Assignment 1\AI Assignment 1\Release\Game.obj
F:\Documents\Git Hub Projects\AI Project\AI Assignment 1\AI Assignment 1\Release\Move.obj
F:\Documents\Git Hub Projects\AI Project\AI Assignment 1\AI Assignment 1\Release\Tile.obj
F:\Documents\Git Hub Projects\AI Project\AI Assignment 1\AI Assignment 1\Release\cl.command.1.tlog
F:\Documents\Git Hub Projects\AI Project\AI Assignment 1\AI Assignment 1\Release\CL.read.1.tlog
F:\Documents\Git Hub Projects\AI Project\AI Assignment 1\AI Assignment 1\Release\CL.write.1.tlog
F:\Documents\Git Hub Projects\AI Project\AI Assignment 1\AI Assignment 1\Release\link.command.1.tlog
F:\Documents\Git Hub Projects\AI Project\AI Assignment 1\AI Assignment 1\Release\link.read.1.tlog
F:\Documents\Git Hub Projects\AI Project\AI Assignment 1\AI Assignment 1\Release\link.write.1.tlog
F:\Documents\Git Hub Projects\AI Project\AI Assignment 1\AI Assignment 1\Release\mt.command.1.tlog
F:\Documents\Git Hub Projects\AI Project\AI Assignment 1\AI Assignment 1\Release\mt.read.1.tlog
F:\Documents\Git Hub Projects\AI Project\AI Assignment 1\AI Assignment 1\Release\mt.write.1.tlog
F:\Documents\Git Hub Projects\AI Project\AI Assignment 1\AI Assignment 1\Release\AI Assignment 1.exe.intermediate.manifest
F:\Documents\Git Hub Projects\AI Project\AI Assignment 1\AI Assignment 1\Release\vc100.pdb
F:\Documents\Git Hub Projects\AI Project\AI Assignment 1\Release\AI Assignment 1.pdb
F:\Documents\Git Hub Projects\AI Project\AI Assignment 1\Release\AI Assignment 1.exe
